<?xml version="1.0" encoding="UTF-8"?>
<!-- Generated by org.testng.reporters.JUnitReportReporter -->
<testsuite hostname="DESKTOP-AUNS0E2" failures="0" tests="1" name="TestClass.AddToCartFunctionality_testclass" time="11.503" errors="0" timestamp="2022-10-07T19:00:33 IST" skipped="0">
  <testcase classname="TestClass.AddToCartFunctionality_testclass" name="verifyAddToCartFunctionality" time="11.503"/>
  <system-out/>
</testsuite> <!-- TestClass.AddToCartFunctionality_testclass -->
