<?xml version="1.0" encoding="UTF-8"?>
<!-- Generated by org.testng.reporters.JUnitReportReporter -->
<testsuite hostname="DESKTOP-AUNS0E2" failures="0" tests="3" name="TestNGpack.TestNG5" time="0.021" errors="0" timestamp="2022-10-03T12:39:36 IST" skipped="0">
  <testcase classname="TestNGpack.TestNG5" name="verifybagproduct" time="0.004"/>
  <system-out/>
  <testcase classname="TestNGpack.TestNG5" name="verifylogout" time="0.007"/>
  <system-out/>
  <testcase classname="TestNGpack.TestNG5" name="verifyLogin" time="0.010"/>
  <system-out/>
</testsuite> <!-- TestNGpack.TestNG5 -->
