<?xml version="1.0" encoding="UTF-8"?>
<!-- Generated by org.testng.reporters.JUnitReportReporter -->
<testsuite hostname="DESKTOP-AUNS0E2" failures="0" tests="1" name="TestClass.LogoutFunctinality_testclass" time="5.702" errors="0" timestamp="2022-10-01T15:35:21 IST" skipped="0">
  <testcase classname="TestClass.LogoutFunctinality_testclass" name="verifyLogoutFunctionality" time="5.702"/>
  <system-out/>
</testsuite> <!-- TestClass.LogoutFunctinality_testclass -->
