<?xml version="1.0" encoding="UTF-8"?>
<!-- Generated by org.testng.reporters.JUnitReportReporter -->
<testsuite hostname="DESKTOP-AUNS0E2" failures="0" tests="5" name="TestNGpack.PriorityKeyword2" time="0.027" errors="0" timestamp="2022-10-06T19:12:54 IST" skipped="0">
  <testcase classname="TestNGpack.PriorityKeyword2" name="testE" time="0.014"/>
  <system-out/>
  <testcase classname="TestNGpack.PriorityKeyword2" name="testD" time="0.002"/>
  <system-out/>
  <testcase classname="TestNGpack.PriorityKeyword2" name="testA" time="0.001"/>
  <system-out/>
  <testcase classname="TestNGpack.PriorityKeyword2" name="testB" time="0.002"/>
  <system-out/>
  <testcase classname="TestNGpack.PriorityKeyword2" name="testC" time="0.008"/>
  <system-out/>
</testsuite> <!-- TestNGpack.PriorityKeyword2 -->
