<?xml version="1.0" encoding="UTF-8"?>
<!-- Generated by org.testng.reporters.JUnitReportReporter -->
<testsuite hostname="DESKTOP-AUNS0E2" failures="0" tests="2" name="TestNGpack.TestNG7" time="0.019" errors="0" timestamp="2022-10-07T11:39:58 IST" skipped="1">
  <testcase classname="TestNGpack.TestNG7" name="testA" time="0.019"/>
  <system-out/>
  <testcase classname="TestNGpack.TestNG7" name="testC">
    <skipped/>
  </testcase> <!-- testC -->
  <system-out/>
</testsuite> <!-- TestNGpack.TestNG7 -->
