<?xml version="1.0" encoding="UTF-8"?>
<!-- Generated by org.testng.reporters.JUnitReportReporter -->
<testsuite hostname="DESKTOP-AUNS0E2" failures="0" tests="1" name="reduceddatabyusingannotation.TC03_VerifyAddToCartFunctionality" time="2.711" errors="0" timestamp="2022-10-09T07:49:33 IST" skipped="0">
  <testcase classname="reduceddatabyusingannotation.TC03_VerifyAddToCartFunctionality" name="verifyAddToCartFunctionality" time="2.711"/>
  <system-out/>
</testsuite> <!-- reduceddatabyusingannotation.TC03_VerifyAddToCartFunctionality -->
