<?xml version="1.0" encoding="UTF-8"?>
<!-- Generated by org.testng.reporters.JUnitReportReporter -->
<testsuite hostname="DESKTOP-AUNS0E2" failures="0" tests="2" name="TestNGpack.PriorityKeywordInTestng" time="0.017" errors="0" timestamp="2022-10-04T12:31:50 IST" skipped="0">
  <testcase classname="TestNGpack.PriorityKeywordInTestng" name="testB" time="0.015"/>
  <system-out/>
  <testcase classname="TestNGpack.PriorityKeywordInTestng" name="testA" time="0.002"/>
  <system-out/>
</testsuite> <!-- TestNGpack.PriorityKeywordInTestng -->
