<?xml version="1.0" encoding="UTF-8"?>
<!-- Generated by org.testng.reporters.JUnitReportReporter -->
<testsuite hostname="DESKTOP-AUNS0E2" failures="0" tests="1" name="reduceddatabyusingannotation.TC02_VerifyLogoutFunctionality" time="1.210" errors="0" timestamp="2022-10-09T07:49:33 IST" skipped="0">
  <testcase classname="reduceddatabyusingannotation.TC02_VerifyLogoutFunctionality" name="verifyLogoutFunctionality" time="1.210"/>
  <system-out/>
</testsuite> <!-- reduceddatabyusingannotation.TC02_VerifyLogoutFunctionality -->
