<?xml version="1.0" encoding="UTF-8"?>
<!-- Generated by org.testng.reporters.JUnitReportReporter -->
<testsuite hostname="DESKTOP-AUNS0E2" failures="0" tests="11" name="TestNGpack.InvocationCountkeyword" time="0.036" errors="0" timestamp="2022-10-07T12:59:49 IST" skipped="0">
  <testcase classname="TestNGpack.InvocationCountkeyword" name="testC" time="0.002"/>
  <system-out/>
  <testcase classname="TestNGpack.InvocationCountkeyword" name="testA" time="0.001"/>
  <system-out/>
  <testcase classname="TestNGpack.InvocationCountkeyword" name="testA" time="0.002"/>
  <system-out/>
  <testcase classname="TestNGpack.InvocationCountkeyword" name="testZ" time="0.003"/>
  <system-out/>
  <testcase classname="TestNGpack.InvocationCountkeyword" name="testZ" time="0.003"/>
  <system-out/>
  <testcase classname="TestNGpack.InvocationCountkeyword" name="testA" time="0.012"/>
  <system-out/>
  <testcase classname="TestNGpack.InvocationCountkeyword" name="testA" time="0.003"/>
  <system-out/>
  <testcase classname="TestNGpack.InvocationCountkeyword" name="testA" time="0.003"/>
  <system-out/>
  <testcase classname="TestNGpack.InvocationCountkeyword" name="testB" time="0.003"/>
  <system-out/>
  <testcase classname="TestNGpack.InvocationCountkeyword" name="testB" time="0.001"/>
  <system-out/>
  <testcase classname="TestNGpack.InvocationCountkeyword" name="testB" time="0.003"/>
  <system-out/>
</testsuite> <!-- TestNGpack.InvocationCountkeyword -->
