<?xml version="1.0" encoding="UTF-8"?>
<!-- Generated by org.testng.reporters.JUnitReportReporter -->
<testsuite hostname="DESKTOP-AUNS0E2" failures="0" tests="1" name="TestNGpack.TestNG2" time="0.016" errors="0" timestamp="2022-10-01T14:14:16 IST" skipped="0">
  <testcase classname="TestNGpack.TestNG2" name="method1" time="0.016"/>
  <system-out/>
</testsuite> <!-- TestNGpack.TestNG2 -->
