<?xml version="1.0" encoding="UTF-8"?>
<!-- Generated by org.testng.reporters.JUnitReportReporter -->
<testsuite hostname="DESKTOP-AUNS0E2" failures="0" tests="1" name="TestClass.LoginFunctionality_testclass" time="6.535" errors="0" timestamp="2022-10-01T15:34:41 IST" skipped="0">
  <testcase classname="TestClass.LoginFunctionality_testclass" name="verifyLoginFunctionality" time="6.535"/>
  <system-out/>
</testsuite> <!-- TestClass.LoginFunctionality_testclass -->
