<?xml version="1.0" encoding="UTF-8"?>
<!-- Generated by org.testng.reporters.JUnitReportReporter -->
<testsuite hostname="DESKTOP-AUNS0E2" failures="0" tests="1" name="TestNGpack.TestNG3" time="0.022" errors="0" timestamp="2022-10-01T14:17:30 IST" skipped="0">
  <testcase classname="TestNGpack.TestNG3" name="verifyLoginFunctionality" time="0.022"/>
  <system-out/>
</testsuite> <!-- TestNGpack.TestNG3 -->
