<?xml version="1.0" encoding="UTF-8"?>
<!-- Generated by org.testng.reporters.JUnitReportReporter -->
<testsuite hostname="DESKTOP-AUNS0E2" failures="0" tests="3" name="reduceddatabyusingannotation.TC04_VerifyAllTestCases" time="4.609" errors="0" timestamp="2022-10-07T13:57:08 IST" skipped="0">
  <testcase classname="reduceddatabyusingannotation.TC04_VerifyAllTestCases" name="verifyAddToCartFunctionality" time="2.424"/>
  <system-out/>
  <testcase classname="reduceddatabyusingannotation.TC04_VerifyAllTestCases" name="verifyLoginFunctionality" time="0.916"/>
  <system-out/>
  <testcase classname="reduceddatabyusingannotation.TC04_VerifyAllTestCases" name="verifyLogoutFunctionality" time="1.269"/>
  <system-out/>
</testsuite> <!-- reduceddatabyusingannotation.TC04_VerifyAllTestCases -->
