<?xml version="1.0" encoding="UTF-8"?>
<!-- Generated by org.testng.reporters.JUnitReportReporter -->
<testsuite hostname="DESKTOP-AUNS0E2" failures="0" tests="2" name="TestNGpack.TestNG6" time="0.018" errors="0" timestamp="2022-10-03T13:14:56 IST" skipped="0">
  <testcase classname="TestNGpack.TestNG6" name="testverifylogout" time="0.005"/>
  <system-out/>
  <testcase classname="TestNGpack.TestNG6" name="testverifylogin" time="0.013"/>
  <system-out/>
</testsuite> <!-- TestNGpack.TestNG6 -->
